2026-06-18T15:30:01.869-04:00  INFO 1680 --- [ms-cupones] [main] c.e.m.MsCuponesApplicationTests          : Starting MsCuponesApplicationTests using Java 21.0.10 with PID 1680 (started by Eydan in C:\Users\Eydan\Downloads\proye\ms-cupones)
2026-06-18T15:30:01.885-04:00  INFO 1680 --- [ms-cupones] [main] c.e.m.MsCuponesApplicationTests          : No active profile set, falling back to 1 default profile: "default"
2026-06-18T15:30:05.061-04:00  INFO 1680 --- [ms-cupones] [main] .s.d.r.c.RepositoryConfigurationDelegate : Bootstrapping Spring Data JPA repositories in DEFAULT mode.
2026-06-18T15:30:05.494-04:00  INFO 1680 --- [ms-cupones] [main] .s.d.r.c.RepositoryConfigurationDelegate : Finished Spring Data repository scanning in 407 ms. Found 1 JPA repository interface.
2026-06-18T15:30:06.082-04:00  INFO 1680 --- [ms-cupones] [main] o.s.cloud.context.scope.GenericScope     : BeanFactory id=0642d9d0-1bdf-325b-b913-ea445e8b92c4
2026-06-18T15:30:06.846-04:00  INFO 1680 --- [ms-cupones] [main] org.hibernate.orm.jpa                    : HHH008540: Processing PersistenceUnitInfo [name: default]
2026-06-18T15:30:07.095-04:00  INFO 1680 --- [ms-cupones] [main] org.hibernate.orm.core                   : HHH000001: Hibernate ORM core version 7.2.12.Final
2026-06-18T15:30:08.635-04:00  INFO 1680 --- [ms-cupones] [main] o.s.o.j.p.SpringPersistenceUnitInfo      : No LoadTimeWeaver setup: ignoring JPA class transformer
2026-06-18T15:30:08.761-04:00  INFO 1680 --- [ms-cupones] [main] com.zaxxer.hikari.HikariDataSource       : HikariPool-1 - Starting...
2026-06-18T15:30:09.301-04:00  INFO 1680 --- [ms-cupones] [main] com.zaxxer.hikari.pool.HikariPool        : HikariPool-1 - Added connection conn0: url=jdbc:h2:mem:testdb user=SA
2026-06-18T15:30:09.317-04:00  INFO 1680 --- [ms-cupones] [main] com.zaxxer.hikari.HikariDataSource       : HikariPool-1 - Start completed.
2026-06-18T15:30:09.399-04:00  WARN 1680 --- [ms-cupones] [main] org.hibernate.orm.core                   : HHH000511: The 2.4.240 version for [org.hibernate.dialect.MySQLDialect] is no longer supported, hence certain features may not work properly.The minimum supported version is 8.0.0. Check the community dialects project for available legacy versions.
2026-06-18T15:30:09.399-04:00  WARN 1680 --- [ms-cupones] [main] org.hibernate.orm.deprecation            : HHH90000025: MySQLDialect does not need to be specified explicitly using 'hibernate.dialect' (remove the property setting and it will be selected by default)
2026-06-18T15:30:09.460-04:00  INFO 1680 --- [ms-cupones] [main] org.hibernate.orm.connections.pooling    : HHH10001005: Database info:
	Database JDBC URL [jdbc:h2:mem:testdb]
	Database driver: H2 JDBC Driver
	Database dialect: MySQLDialect
	Database version: 2.4.240
	Default catalog/schema: testdb/public
	Autocommit mode: undefined/unknown
	Isolation level: READ_COMMITTED [default READ_COMMITTED]
	JDBC fetch size: 100
	Pool: DataSourceConnectionProvider
	Minimum pool size: undefined/unknown
	Maximum pool size: undefined/unknown
2026-06-18T15:30:11.471-04:00  INFO 1680 --- [ms-cupones] [main] org.hibernate.orm.core                   : HHH000489: No JTA platform available (set 'hibernate.transaction.jta.platform' to enable JTA platform integration)
2026-06-18T15:30:11.574-04:00  INFO 1680 --- [ms-cupones] [main] j.LocalContainerEntityManagerFactoryBean : Initialized JPA EntityManagerFactory for persistence unit 'default'
2026-06-18T15:30:11.753-04:00  INFO 1680 --- [ms-cupones] [main] o.s.d.j.r.query.QueryEnhancerFactories   : Hibernate is in classpath; If applicable, HQL parser will be used.
2026-06-18T15:30:12.839-04:00  WARN 1680 --- [ms-cupones] [main] JpaBaseConfiguration$JpaWebConfiguration : spring.jpa.open-in-view is enabled by default. Therefore, database queries may be performed during view rendering. Explicitly configure spring.jpa.open-in-view to disable this warning
2026-06-18T15:30:15.381-04:00  INFO 1680 --- [ms-cupones] [main] o.s.cloud.commons.util.InetUtils         : Cannot determine local hostname
2026-06-18T15:30:15.413-04:00  INFO 1680 --- [ms-cupones] [main] DiscoveryClientOptionalArgsConfiguration : Eureka HTTP Client uses RestClient.
2026-06-18T15:30:15.503-04:00  WARN 1680 --- [ms-cupones] [main] iguration$LoadBalancerCaffeineWarnLogger : Spring Cloud LoadBalancer is currently working with the default cache. While this cache implementation is useful for development and tests, it's recommended to use Caffeine cache in production.You can switch to using Caffeine cache, by adding it and org.springframework.cache.caffeine.CaffeineCacheManager to the classpath.
2026-06-18T15:30:15.554-04:00  INFO 1680 --- [ms-cupones] [main] c.e.m.MsCuponesApplicationTests          : Started MsCuponesApplicationTests in 15.415 seconds (process running for 19.066)
2026-06-18T15:30:15.571-04:00  WARN 1680 --- [ms-cupones] [main] o.s.core.events.SpringDocAppInitializer  : SpringDoc /v3/api-docs endpoint is enabled by default. To disable it in production, set the property 'springdoc.api-docs.enabled=false'
2026-06-18T15:30:15.572-04:00  WARN 1680 --- [ms-cupones] [main] o.s.core.events.SpringDocAppInitializer  : SpringDoc /swagger endpoint is enabled by default. To disable it in production, set the property 'springdoc.swagger-ui.enabled=false'
2026-06-18T15:30:16.990-04:00  INFO 1680 --- [ms-cupones] [SpringApplicationShutdownHook] j.LocalContainerEntityManagerFactoryBean : Closing JPA EntityManagerFactory for persistence unit 'default'
2026-06-18T15:30:17.004-04:00  INFO 1680 --- [ms-cupones] [SpringApplicationShutdownHook] com.zaxxer.hikari.HikariDataSource       : HikariPool-1 - Shutdown initiated...
2026-06-18T15:30:17.004-04:00  INFO 1680 --- [ms-cupones] [SpringApplicationShutdownHook] com.zaxxer.hikari.HikariDataSource       : HikariPool-1 - Shutdown completed.
